<?xml version="1.0" encoding="UTF-8"?>
<testsuite xmlns:xsi="http://www.w3.org/2001/XMLSchema-instance" xsi:noNamespaceSchemaLocation="https://maven.apache.org/surefire/maven-surefire-plugin/xsd/surefire-test-report.xsd" version="3.0.2" name="com.gestaoformativa.GestaoFormativaApplicationTests" time="14.652" tests="1" errors="0" skipped="0" failures="0">
  <properties>
[...]
</properties>
  <testcase name="contextLoads" classname="com.gestaoformativa.GestaoFormativaApplicationTests" time="0.527">
    <system-out><![CDATA[22:49:30.067 [main] INFO org.springframework.test.context.support.AnnotationConfigContextLoaderUtils -- Could not detect default configuration classes for test class [com.gestaoformativa.GestaoFormativaApplicationTests]: GestaoFormativaApplicationTests does not declare any static, non-private, non-final, nested classes annotated with @Configuration.
22:49:30.222 [main] INFO org.springframework.boot.test.context.SpringBootTestContextBootstrapper -- Found @SpringBootConfiguration com.gestaoformativa.GestaoFormativaApplication for test class com.gestaoformativa.GestaoFormativaApplicationTests

  .   ____          _            __ _ _
 /\\ / ___'_ __ _ _(_)_ __  __ _ \ \ \ \
( ( )\___ | '_ | '_| | '_ \/ _` | \ \ \ \
 \\/  ___)| |_)| | | | | || (_| |  ) ) ) )
  '  |____| .__|_| |_|_| |_\__, | / / / /
 =========|_|==============|___/=/_/_/_/

 :: Spring Boot ::                (v3.4.3)

2025-11-25T22:49:30.793-03:00  INFO 154816 --- [gestaoFormativa] [           main] c.g.GestaoFormativaApplicationTests      : Starting GestaoFormativaApplicationTests using Java 23 with PID 154816 (started by Micro in C:\Users\Micro\Documents\Projetos\gestaoFormativa)
2025-11-25T22:49:30.795-03:00  INFO 154816 --- [gestaoFormativa] [           main] c.g.GestaoFormativaApplicationTests      : No active profile set, falling back to 1 default profile: "default"
2025-11-25T22:49:32.815-03:00  INFO 154816 --- [gestaoFormativa] [           main] .s.d.r.c.RepositoryConfigurationDelegate : Multiple Spring Data modules found, entering strict repository configuration mode
2025-11-25T22:49:32.820-03:00  INFO 154816 --- [gestaoFormativa] [           main] .s.d.r.c.RepositoryConfigurationDelegate : Bootstrapping Spring Data JPA repositories in DEFAULT mode.
2025-11-25T22:49:33.039-03:00  INFO 154816 --- [gestaoFormativa] [           main] .s.d.r.c.RepositoryConfigurationDelegate : Finished Spring Data repository scanning in 183 ms. Found 11 JPA repository interfaces.
2025-11-25T22:49:33.060-03:00  INFO 154816 --- [gestaoFormativa] [           main] .s.d.r.c.RepositoryConfigurationDelegate : Multiple Spring Data modules found, entering strict repository configuration mode
2025-11-25T22:49:33.062-03:00  INFO 154816 --- [gestaoFormativa] [           main] .s.d.r.c.RepositoryConfigurationDelegate : Bootstrapping Spring Data Redis repositories in DEFAULT mode.
2025-11-25T22:49:33.085-03:00  INFO 154816 --- [gestaoFormativa] [           main] .RepositoryConfigurationExtensionSupport : Spring Data Redis - Could not safely identify store assignment for repository candidate interface com.gestaoformativa.repository.DocumentCategoryRepository; If you want this repository to be a Redis repository, consider annotating your entities with one of these annotations: org.springframework.data.redis.core.RedisHash (preferred), or consider extending one of the following types with your repository: org.springframework.data.keyvalue.repository.KeyValueRepository
2025-11-25T22:49:33.086-03:00  INFO 154816 --- [gestaoFormativa] [           main] .RepositoryConfigurationExtensionSupport : Spring Data Redis - Could not safely identify store assignment for repository candidate interface com.gestaoformativa.repository.DocumentReadingProgressRepository; If you want this repository to be a Redis repository, consider annotating your entities with one of these annotations: org.springframework.data.redis.core.RedisHash (preferred), or consider extending one of the following types with your repository: org.springframework.data.keyvalue.repository.KeyValueRepository
2025-11-25T22:49:33.086-03:00  INFO 154816 --- [gestaoFormativa] [           main] .RepositoryConfigurationExtensionSupport : Spring Data Redis - Could not safely identify store assignment for repository candidate interface com.gestaoformativa.repository.DocumentSearchRepository; If you want this repository to be a Redis repository, consider annotating your entities with one of these annotations: org.springframework.data.redis.core.RedisHash (preferred), or consider extending one of the following types with your repository: org.springframework.data.keyvalue.repository.KeyValueRepository
2025-11-25T22:49:33.086-03:00  INFO 154816 --- [gestaoFormativa] [           main] .RepositoryConfigurationExtensionSupport : Spring Data Redis - Could not safely identify store assignment for repository candidate interface com.gestaoformativa.repository.FormativeDocumentRepository; If you want this repository to be a Redis repository, consider annotating your entities with one of these annotations: org.springframework.data.redis.core.RedisHash (preferred), or consider extending one of the following types with your repository: org.springframework.data.keyvalue.repository.KeyValueRepository
2025-11-25T22:49:33.087-03:00  INFO 154816 --- [gestaoFormativa] [           main] .RepositoryConfigurationExtensionSupport : Spring Data Redis - Could not safely identify store assignment for repository candidate interface com.gestaoformativa.repository.FormativeStageRepository; If you want this repository to be a Redis repository, consider annotating your entities with one of these annotations: org.springframework.data.redis.core.RedisHash (preferred), or consider extending one of the following types with your repository: org.springframework.data.keyvalue.repository.KeyValueRepository
2025-11-25T22:49:33.087-03:00  INFO 154816 --- [gestaoFormativa] [           main] .RepositoryConfigurationExtensionSupport : Spring Data Redis - Could not safely identify store assignment for repository candidate interface com.gestaoformativa.repository.MissionLocationRepository; If you want this repository to be a Redis repository, consider annotating your entities with one of these annotations: org.springframework.data.redis.core.RedisHash (preferred), or consider extending one of the following types with your repository: org.springframework.data.keyvalue.repository.KeyValueRepository
2025-11-25T22:49:33.087-03:00  INFO 154816 --- [gestaoFormativa] [           main] .RepositoryConfigurationExtensionSupport : Spring Data Redis - Could not safely identify store assignment for repository candidate interface com.gestaoformativa.repository.PlanRepository; If you want this repository to be a Redis repository, consider annotating your entities with one of these annotations: org.springframework.data.redis.core.RedisHash (preferred), or consider extending one of the following types with your repository: org.springframework.data.keyvalue.repository.KeyValueRepository
2025-11-25T22:49:33.087-03:00  INFO 154816 --- [gestaoFormativa] [           main] .RepositoryConfigurationExtensionSupport : Spring Data Redis - Could not safely identify store assignment for repository candidate interface com.gestaoformativa.repository.RoleRepository; If you want this repository to be a Redis repository, consider annotating your entities with one of these annotations: org.springframework.data.redis.core.RedisHash (preferred), or consider extending one of the following types with your repository: org.springframework.data.keyvalue.repository.KeyValueRepository
2025-11-25T22:49:33.087-03:00  INFO 154816 --- [gestaoFormativa] [           main] .RepositoryConfigurationExtensionSupport : Spring Data Redis - Could not safely identify store assignment for repository candidate interface com.gestaoformativa.repository.SubscriptionRepository; If you want this repository to be a Redis repository, consider annotating your entities with one of these annotations: org.springframework.data.redis.core.RedisHash (preferred), or consider extending one of the following types with your repository: org.springframework.data.keyvalue.repository.KeyValueRepository
2025-11-25T22:49:33.087-03:00  INFO 154816 --- [gestaoFormativa] [           main] .RepositoryConfigurationExtensionSupport : Spring Data Redis - Could not safely identify store assignment for repository candidate interface com.gestaoformativa.repository.TenantRepository; If you want this repository to be a Redis repository, consider annotating your entities with one of these annotations: org.springframework.data.redis.core.RedisHash (preferred), or consider extending one of the following types with your repository: org.springframework.data.keyvalue.repository.KeyValueRepository
2025-11-25T22:49:33.088-03:00  INFO 154816 --- [gestaoFormativa] [           main] .RepositoryConfigurationExtensionSupport : Spring Data Redis - Could not safely identify store assignment for repository candidate interface com.gestaoformativa.repository.UserRepository; If you want this repository to be a Redis repository, consider annotating your entities with one of these annotations: org.springframework.data.redis.core.RedisHash (preferred), or consider extending one of the following types with your repository: org.springframework.data.keyvalue.repository.KeyValueRepository
2025-11-25T22:49:33.088-03:00  INFO 154816 --- [gestaoFormativa] [           main] .s.d.r.c.RepositoryConfigurationDelegate : Finished Spring Data repository scanning in 12 ms. Found 0 Redis repository interfaces.
2025-11-25T22:49:34.098-03:00  INFO 154816 --- [gestaoFormativa] [           main] com.zaxxer.hikari.HikariDataSource       : HikariPool-1 - Starting...
2025-11-25T22:49:34.770-03:00  INFO 154816 --- [gestaoFormativa] [           main] com.zaxxer.hikari.pool.HikariPool        : HikariPool-1 - Added connection org.postgresql.jdbc.PgConnection@3593e074
2025-11-25T22:49:34.772-03:00  INFO 154816 --- [gestaoFormativa] [           main] com.zaxxer.hikari.HikariDataSource       : HikariPool-1 - Start completed.
2025-11-25T22:49:34.839-03:00  INFO 154816 --- [gestaoFormativa] [           main] org.flywaydb.core.FlywayExecutor         : Database: jdbc:postgresql://localhost:5432/app_db (PostgreSQL 15.12)
2025-11-25T22:49:34.999-03:00  INFO 154816 --- [gestaoFormativa] [           main] o.f.core.internal.command.DbValidate     : Successfully validated 4 migrations (execution time 00:00.101s)
2025-11-25T22:49:35.036-03:00  INFO 154816 --- [gestaoFormativa] [           main] o.f.core.internal.command.DbMigrate      : Current version of schema "public": 4
2025-11-25T22:49:35.045-03:00  INFO 154816 --- [gestaoFormativa] [           main] o.f.core.internal.command.DbMigrate      : Schema "public" is up to date. No migration necessary.
2025-11-25T22:49:35.292-03:00  INFO 154816 --- [gestaoFormativa] [           main] o.hibernate.jpa.internal.util.LogHelper  : HHH000204: Processing PersistenceUnitInfo [name: default]
2025-11-25T22:49:35.469-03:00  INFO 154816 --- [gestaoFormativa] [           main] org.hibernate.Version                    : HHH000412: Hibernate ORM core version 6.6.8.Final
2025-11-25T22:49:35.585-03:00  INFO 154816 --- [gestaoFormativa] [           main] o.h.c.internal.RegionFactoryInitiator    : HHH000026: Second-level cache disabled
2025-11-25T22:49:36.120-03:00  INFO 154816 --- [gestaoFormativa] [           main] o.s.o.j.p.SpringPersistenceUnitInfo      : No LoadTimeWeaver setup: ignoring JPA class transformer
2025-11-25T22:49:36.255-03:00  INFO 154816 --- [gestaoFormativa] [           main] org.hibernate.orm.connections.pooling    : HHH10001005: Database info:
	Database JDBC URL [Connecting through datasource 'HikariDataSource (HikariPool-1)']
	Database driver: undefined/unknown
	Database version: 15.12
	Autocommit mode: undefined/unknown
	Isolation level: undefined/unknown
	Minimum pool size: undefined/unknown
	Maximum pool size: undefined/unknown
2025-11-25T22:49:37.822-03:00  INFO 154816 --- [gestaoFormativa] [           main] o.h.e.t.j.p.i.JtaPlatformInitiator       : HHH000489: No JTA platform available (set 'hibernate.transaction.jta.platform' to enable JTA platform integration)
2025-11-25T22:49:37.825-03:00  INFO 154816 --- [gestaoFormativa] [           main] j.LocalContainerEntityManagerFactoryBean : Initialized JPA EntityManagerFactory for persistence unit 'default'
2025-11-25T22:49:38.264-03:00  INFO 154816 --- [gestaoFormativa] [           main] o.s.d.j.r.query.QueryEnhancerFactory     : Hibernate is in classpath; If applicable, HQL parser will be used.
2025-11-25T22:49:39.055-03:00  INFO 154816 --- [gestaoFormativa] [           main] eAuthenticationProviderManagerConfigurer : Global AuthenticationManager configured with AuthenticationProvider bean with name authenticationProvider
2025-11-25T22:49:39.056-03:00  WARN 154816 --- [gestaoFormativa] [           main] r$InitializeUserDetailsManagerConfigurer : Global AuthenticationManager configured with an AuthenticationProvider bean. UserDetailsService beans will not be used by Spring Security for automatically configuring username/password login. Consider removing the AuthenticationProvider bean. Alternatively, consider using the UserDetailsService in a manually instantiated DaoAuthenticationProvider. If the current configuration is intentional, to turn off this warning, increase the logging level of 'org.springframework.security.config.annotation.authentication.configuration.InitializeUserDetailsBeanManagerConfigurer' to ERROR
2025-11-25T22:49:41.333-03:00  WARN 154816 --- [gestaoFormativa] [           main] JpaBaseConfiguration$JpaWebConfiguration : spring.jpa.open-in-view is enabled by default. Therefore, database queries may be performed during view rendering. Explicitly configure spring.jpa.open-in-view to disable this warning
2025-11-25T22:49:42.408-03:00  INFO 154816 --- [gestaoFormativa] [           main] o.s.b.a.e.web.EndpointLinksResolver      : Exposing 1 endpoint beneath base path '/actuator'
2025-11-25T22:49:43.554-03:00  INFO 154816 --- [gestaoFormativa] [           main] c.g.GestaoFormativaApplicationTests      : Started GestaoFormativaApplicationTests in 13.101 seconds (process running for 14.753)
2025-11-25T22:49:43.747-03:00  INFO 154816 --- [gestaoFormativa] [           main] c.g.config.DataInitializer               : Iniciando configuração de dados padrão...
2025-11-25T22:49:43.913-03:00  INFO 154816 --- [gestaoFormativa] [           main] c.g.config.DataInitializer               : Role ADMIN já existe
2025-11-25T22:49:43.937-03:00  INFO 154816 --- [gestaoFormativa] [           main] c.g.config.DataInitializer               : Usuário admin já existe
2025-11-25T22:49:43.938-03:00  INFO 154816 --- [gestaoFormativa] [           main] c.g.config.DataInitializer               : Configuração de dados padrão concluída!
]]></system-out>
    <system-err><![CDATA[Mockito is currently self-attaching to enable the inline-mock-maker. This will no longer work in future releases of the JDK. Please add Mockito as an agent to your build what is described in Mockito's documentation: https://javadoc.io/doc/org.mockito/mockito-core/latest/org/mockito/Mockito.html#0.3
WARNING: A Java agent has been loaded dynamically (C:\Users\Micro\.m2\repository\net\bytebuddy\byte-buddy-agent\1.15.11\byte-buddy-agent-1.15.11.jar)
WARNING: If a serviceability tool is in use, please run with -XX:+EnableDynamicAgentLoading to hide this warning
WARNING: If a serviceability tool is not in use, please run with -Djdk.instrument.traceUsage for more information
WARNING: Dynamic loading of agents will be disallowed by default in a future release
]]></system-err>
  </testcase>
</testsuite>